<?xml version="1.0" encoding="UTF-8"?>
<!-- Generated by org.testng.reporters.JUnitReportReporter -->
<testsuite hostname="S3-PC" name="com.tm.TestCases.TestCases_Header_Verification_MyLeavePag" tests="1" failures="0" timestamp="25 Nov 2019 06:00:03 GMT" time="48.622" errors="0">
  <testcase name="MyLeave_TableHeaderVerification" time="48.622" classname="com.tm.TestCases.TestCases_Header_Verification_MyLeavePag"/>
</testsuite> <!-- com.tm.TestCases.TestCases_Header_Verification_MyLeavePag -->
