<?xml version="1.0" encoding="UTF-8"?>
<!-- Generated by org.testng.reporters.JUnitReportReporter -->
<testsuite hostname="S3-PC" name="com.tm.TestCases.TestCases_Time_TimesSheets_MyTimesSheets_ObjectsVerification" tests="1" failures="0" timestamp="25 Nov 2019 10:18:23 GMT" time="14.615" errors="0">
  <testcase name="TC1_MyInfo_Qualifications_Experience" time="14.615" classname="com.tm.TestCases.TestCases_Time_TimesSheets_MyTimesSheets_ObjectsVerification"/>
</testsuite> <!-- com.tm.TestCases.TestCases_Time_TimesSheets_MyTimesSheets_ObjectsVerification -->
