<?xml version="1.0" encoding="UTF-8"?>
<!-- Generated by org.testng.reporters.JUnitReportReporter -->
<testsuite hostname="S3-PC" name="com.tm.TestCases.TestCase_MyInfo_Qualifications" tests="1" failures="0" timestamp="25 Nov 2019 06:51:52 GMT" time="21.344" errors="0">
  <testcase name="TC1_MyInfo_Qualifications_Experience" time="21.344" classname="com.tm.TestCases.TestCase_MyInfo_Qualifications"/>
</testsuite> <!-- com.tm.TestCases.TestCase_MyInfo_Qualifications -->
