<?xml version="1.0" encoding="UTF-8"?>
<!-- Generated by org.testng.reporters.JUnitReportReporter -->
<testsuite hostname="S3-PC" name="com.tm.TestCases.TestCases_Leave" tests="2" failures="0" timestamp="18 Nov 2019 07:34:30 GMT" time="30.383" errors="0">
  <testcase name="TC102_ApplyLeave" time="19.063" classname="com.tm.TestCases.TestCases_Leave"/>
  <testcase name="TC101_verifyLoginFunctionality" time="11.320" classname="com.tm.TestCases.TestCases_Leave"/>
</testsuite> <!-- com.tm.TestCases.TestCases_Leave -->
