<?xml version="1.0" encoding="UTF-8"?>
<!-- Generated by org.testng.reporters.JUnitReportReporter -->
<testsuite hostname="S3-PC" name="com.tm.TestCases.TestCase_Leave_MyLeave" tests="1" failures="0" timestamp="19 Dec 2019 04:42:54 GMT" time="37.017" errors="0">
  <testcase name="TC102_MyLeavePageCheckBoxFunctionality" time="37.017" classname="com.tm.TestCases.TestCase_Leave_MyLeave"/>
</testsuite> <!-- com.tm.TestCases.TestCase_Leave_MyLeave -->
